{"D:\\React Testing\\mocks\\styleMock.js": {"path":"D:\\React Testing\\mocks\\styleMock.js","statementMap":{"0":{"start":{"line":1,"column":0},"end":{"line":1,"column":34}}},"fnMap":{},"branchMap":{},"s":{"0":1},"f":{},"b":{},"_coverageSchema":"1a1c01bbd47fc00a2c39e90264f33305004495a9","hash":"5bfa99f177e6bc4a723138ccd81c026af0596950"}
,"D:\\React Testing\\src\\App.tsx": {"path":"D:\\React Testing\\src\\App.tsx","statementMap":{"0":{"start":{"line":12,"column":16},"end":{"line":29,"column":1}},"1":{"start":{"line":30,"column":12},"end":{"line":52,"column":1}},"2":{"start":{"line":31,"column":2},"end":{"line":51,"column":4}},"3":{"start":{"line":39,"column":16},"end":{"line":43,"column":18}}},"fnMap":{"0":{"name":"(anonymous_0)","decl":{"start":{"line":30,"column":12},"end":{"line":30,"column":13}},"loc":{"start":{"line":30,"column":32},"end":{"line":52,"column":1}},"line":30},"1":{"name":"(anonymous_1)","decl":{"start":{"line":38,"column":27},"end":{"line":38,"column":28}},"loc":{"start":{"line":38,"column":65},"end":{"line":44,"column":15}},"line":38}},"branchMap":{},"s":{"0":1,"1":1,"2":4,"3":16},"f":{"0":4,"1":16},"b":{},"_coverageSchema":"1a1c01bbd47fc00a2c39e90264f33305004495a9","hash":"f9ed0bedbe9d5b64ab1ee1bdc03ca9aa36dbc3a6"}
,"D:\\React Testing\\src\\types.ts": {"path":"D:\\React Testing\\src\\types.ts","statementMap":{},"fnMap":{},"branchMap":{},"s":{},"f":{},"b":{},"_coverageSchema":"1a1c01bbd47fc00a2c39e90264f33305004495a9","hash":"d192af945ca43ed4afe52582b247543ec285392d"}
,"D:\\React Testing\\src\\components\\Articles.tsx": {"path":"D:\\React Testing\\src\\components\\Articles.tsx","statementMap":{"0":{"start":{"line":12,"column":35},"end":{"line":78,"column":1}},"1":{"start":{"line":13,"column":23},"end":{"line":13,"column":28}},"2":{"start":{"line":14,"column":15},"end":{"line":14,"column":66}},"3":{"start":{"line":14,"column":55},"end":{"line":14,"column":65}},"4":{"start":{"line":15,"column":18},"end":{"line":15,"column":72}},"5":{"start":{"line":15,"column":58},"end":{"line":15,"column":71}},"6":{"start":{"line":16,"column":19},"end":{"line":16,"column":32}},"7":{"start":{"line":18,"column":2},"end":{"line":20,"column":23}},"8":{"start":{"line":19,"column":4},"end":{"line":19,"column":31}},"9":{"start":{"line":22,"column":23},"end":{"line":33,"column":3}},"10":{"start":{"line":23,"column":22},"end":{"line":23,"column":30}},"11":{"start":{"line":24,"column":19},"end":{"line":24,"column":24}},"12":{"start":{"line":25,"column":25},"end":{"line":25,"column":44}},"13":{"start":{"line":26,"column":4},"end":{"line":32,"column":5}},"14":{"start":{"line":27,"column":23},"end":{"line":27,"column":39}},"15":{"start":{"line":28,"column":6},"end":{"line":28,"column":34}},"16":{"start":{"line":29,"column":6},"end":{"line":29,"column":37}},"17":{"start":{"line":31,"column":6},"end":{"line":31,"column":30}},"18":{"start":{"line":35,"column":2},"end":{"line":77,"column":4}},"19":{"start":{"line":48,"column":16},"end":{"line":59,"column":18}}},"fnMap":{"0":{"name":"(anonymous_0)","decl":{"start":{"line":12,"column":35},"end":{"line":12,"column":36}},"loc":{"start":{"line":12,"column":60},"end":{"line":78,"column":1}},"line":12},"1":{"name":"(anonymous_1)","decl":{"start":{"line":14,"column":27},"end":{"line":14,"column":28}},"loc":{"start":{"line":14,"column":55},"end":{"line":14,"column":65}},"line":14},"2":{"name":"(anonymous_2)","decl":{"start":{"line":15,"column":30},"end":{"line":15,"column":31}},"loc":{"start":{"line":15,"column":58},"end":{"line":15,"column":71}},"line":15},"3":{"name":"(anonymous_3)","decl":{"start":{"line":18,"column":12},"end":{"line":18,"column":13}},"loc":{"start":{"line":18,"column":18},"end":{"line":20,"column":3}},"line":18},"4":{"name":"(anonymous_4)","decl":{"start":{"line":22,"column":23},"end":{"line":22,"column":24}},"loc":{"start":{"line":22,"column":67},"end":{"line":33,"column":3}},"line":22},"5":{"name":"(anonymous_5)","decl":{"start":{"line":47,"column":14},"end":{"line":47,"column":15}},"loc":{"start":{"line":47,"column":77},"end":{"line":60,"column":15}},"line":47}},"branchMap":{"0":{"loc":{"start":{"line":26,"column":4},"end":{"line":32,"column":5}},"type":"if","locations":[{"start":{"line":26,"column":4},"end":{"line":32,"column":5}},{"start":{"line":26,"column":4},"end":{"line":32,"column":5}}],"line":26},"1":{"loc":{"start":{"line":37,"column":7},"end":{"line":75,"column":14}},"type":"cond-expr","locations":[{"start":{"line":38,"column":8},"end":{"line":74,"column":14}},{"start":{"line":75,"column":10},"end":{"line":75,"column":14}}],"line":37}},"s":{"0":1,"1":2,"2":2,"3":8,"4":2,"5":8,"6":2,"7":2,"8":2,"9":2,"10":0,"11":0,"12":0,"13":0,"14":0,"15":0,"16":0,"17":0,"18":2,"19":0},"f":{"0":2,"1":8,"2":8,"3":2,"4":0,"5":0},"b":{"0":[0,0],"1":[0,2]},"_coverageSchema":"1a1c01bbd47fc00a2c39e90264f33305004495a9","hash":"c68f72aa8940368658c6a435cc4009d7bc5fa3d6"}
,"D:\\React Testing\\src\\components\\Details.tsx": {"path":"D:\\React Testing\\src\\components\\Details.tsx","statementMap":{"0":{"start":{"line":8,"column":16},"end":{"line":39,"column":1}},"1":{"start":{"line":9,"column":22},"end":{"line":9,"column":33}},"2":{"start":{"line":10,"column":19},"end":{"line":10,"column":32}},"3":{"start":{"line":11,"column":15},"end":{"line":11,"column":66}},"4":{"start":{"line":11,"column":55},"end":{"line":11,"column":65}},"5":{"start":{"line":12,"column":2},"end":{"line":14,"column":21}},"6":{"start":{"line":13,"column":4},"end":{"line":13,"column":34}},"7":{"start":{"line":15,"column":2},"end":{"line":38,"column":4}}},"fnMap":{"0":{"name":"(anonymous_0)","decl":{"start":{"line":8,"column":16},"end":{"line":8,"column":17}},"loc":{"start":{"line":8,"column":35},"end":{"line":39,"column":1}},"line":8},"1":{"name":"(anonymous_1)","decl":{"start":{"line":11,"column":27},"end":{"line":11,"column":28}},"loc":{"start":{"line":11,"column":55},"end":{"line":11,"column":65}},"line":11},"2":{"name":"(anonymous_2)","decl":{"start":{"line":12,"column":12},"end":{"line":12,"column":13}},"loc":{"start":{"line":12,"column":18},"end":{"line":14,"column":3}},"line":12}},"branchMap":{"0":{"loc":{"start":{"line":17,"column":7},"end":{"line":36,"column":7}},"type":"cond-expr","locations":[{"start":{"line":18,"column":8},"end":{"line":33,"column":14}},{"start":{"line":35,"column":8},"end":{"line":35,"column":17}}],"line":17}},"s":{"0":1,"1":0,"2":0,"3":0,"4":0,"5":0,"6":0,"7":0},"f":{"0":0,"1":0,"2":0},"b":{"0":[0,0]},"_coverageSchema":"1a1c01bbd47fc00a2c39e90264f33305004495a9","hash":"8cab1fdfd9497a293375dccc2d8d48036ce72753"}
,"D:\\React Testing\\src\\components\\Header.tsx": {"path":"D:\\React Testing\\src\\components\\Header.tsx","statementMap":{"0":{"start":{"line":5,"column":15},"end":{"line":16,"column":1}},"1":{"start":{"line":6,"column":2},"end":{"line":15,"column":4}}},"fnMap":{"0":{"name":"(anonymous_0)","decl":{"start":{"line":5,"column":15},"end":{"line":5,"column":16}},"loc":{"start":{"line":5,"column":34},"end":{"line":16,"column":1}},"line":5}},"branchMap":{},"s":{"0":1,"1":4},"f":{"0":4},"b":{},"_coverageSchema":"1a1c01bbd47fc00a2c39e90264f33305004495a9","hash":"5bf6554312edc068bde76fd09084d425a3603756"}
,"D:\\React Testing\\src\\pages\\About.tsx": {"path":"D:\\React Testing\\src\\pages\\About.tsx","statementMap":{"0":{"start":{"line":4,"column":14},"end":{"line":18,"column":1}},"1":{"start":{"line":5,"column":2},"end":{"line":17,"column":4}}},"fnMap":{"0":{"name":"(anonymous_0)","decl":{"start":{"line":4,"column":14},"end":{"line":4,"column":15}},"loc":{"start":{"line":4,"column":33},"end":{"line":18,"column":1}},"line":4}},"branchMap":{},"s":{"0":1,"1":1},"f":{"0":1},"b":{},"_coverageSchema":"1a1c01bbd47fc00a2c39e90264f33305004495a9","hash":"a49f0d1605b3fc2c35feeb888b9b3f2792a58999"}
,"D:\\React Testing\\src\\pages\\Dashboard.tsx": {"path":"D:\\React Testing\\src\\pages\\Dashboard.tsx","statementMap":{"0":{"start":{"line":13,"column":23},"end":{"line":13,"column":57}},"1":{"start":{"line":15,"column":22},"end":{"line":129,"column":1}},"2":{"start":{"line":16,"column":20},"end":{"line":16,"column":75}},"3":{"start":{"line":16,"column":60},"end":{"line":16,"column":74}},"4":{"start":{"line":17,"column":17},"end":{"line":17,"column":70}},"5":{"start":{"line":17,"column":57},"end":{"line":17,"column":69}},"6":{"start":{"line":18,"column":15},"end":{"line":18,"column":66}},"7":{"start":{"line":18,"column":55},"end":{"line":18,"column":65}},"8":{"start":{"line":19,"column":23},"end":{"line":21,"column":3}},"9":{"start":{"line":20,"column":32},"end":{"line":20,"column":50}},"10":{"start":{"line":22,"column":19},"end":{"line":22,"column":32}},"11":{"start":{"line":23,"column":22},"end":{"line":25,"column":3}},"12":{"start":{"line":24,"column":32},"end":{"line":24,"column":49}},"13":{"start":{"line":26,"column":15},"end":{"line":26,"column":66}},"14":{"start":{"line":26,"column":55},"end":{"line":26,"column":65}},"15":{"start":{"line":27,"column":36},"end":{"line":27,"column":60}},"16":{"start":{"line":29,"column":23},"end":{"line":38,"column":3}},"17":{"start":{"line":32,"column":4},"end":{"line":32,"column":23}},"18":{"start":{"line":33,"column":4},"end":{"line":37,"column":5}},"19":{"start":{"line":34,"column":6},"end":{"line":36,"column":8}},"20":{"start":{"line":39,"column":23},"end":{"line":42,"column":3}},"21":{"start":{"line":40,"column":22},"end":{"line":40,"column":30}},"22":{"start":{"line":41,"column":4},"end":{"line":41,"column":36}},"23":{"start":{"line":44,"column":2},"end":{"line":46,"column":28}},"24":{"start":{"line":45,"column":4},"end":{"line":45,"column":37}},"25":{"start":{"line":48,"column":19},"end":{"line":58,"column":3}},"26":{"start":{"line":49,"column":22},"end":{"line":49,"column":30}},"27":{"start":{"line":50,"column":19},"end":{"line":50,"column":24}},"28":{"start":{"line":51,"column":25},"end":{"line":51,"column":44}},"29":{"start":{"line":52,"column":4},"end":{"line":57,"column":5}},"30":{"start":{"line":53,"column":23},"end":{"line":53,"column":39}},"31":{"start":{"line":54,"column":6},"end":{"line":54,"column":38}},"32":{"start":{"line":56,"column":6},"end":{"line":56,"column":31}},"33":{"start":{"line":60,"column":2},"end":{"line":128,"column":4}},"34":{"start":{"line":69,"column":29},"end":{"line":69,"column":44}},"35":{"start":{"line":82,"column":32},"end":{"line":82,"column":69}},"36":{"start":{"line":91,"column":32},"end":{"line":91,"column":70}},"37":{"start":{"line":100,"column":32},"end":{"line":100,"column":71}}},"fnMap":{"0":{"name":"(anonymous_0)","decl":{"start":{"line":15,"column":22},"end":{"line":15,"column":23}},"loc":{"start":{"line":15,"column":28},"end":{"line":129,"column":1}},"line":15},"1":{"name":"(anonymous_1)","decl":{"start":{"line":16,"column":32},"end":{"line":16,"column":33}},"loc":{"start":{"line":16,"column":60},"end":{"line":16,"column":74}},"line":16},"2":{"name":"(anonymous_2)","decl":{"start":{"line":17,"column":29},"end":{"line":17,"column":30}},"loc":{"start":{"line":17,"column":57},"end":{"line":17,"column":69}},"line":17},"3":{"name":"(anonymous_3)","decl":{"start":{"line":18,"column":27},"end":{"line":18,"column":28}},"loc":{"start":{"line":18,"column":55},"end":{"line":18,"column":65}},"line":18},"4":{"name":"(anonymous_4)","decl":{"start":{"line":20,"column":4},"end":{"line":20,"column":5}},"loc":{"start":{"line":20,"column":32},"end":{"line":20,"column":50}},"line":20},"5":{"name":"(anonymous_5)","decl":{"start":{"line":24,"column":4},"end":{"line":24,"column":5}},"loc":{"start":{"line":24,"column":32},"end":{"line":24,"column":49}},"line":24},"6":{"name":"(anonymous_6)","decl":{"start":{"line":26,"column":27},"end":{"line":26,"column":28}},"loc":{"start":{"line":26,"column":55},"end":{"line":26,"column":65}},"line":26},"7":{"name":"(anonymous_7)","decl":{"start":{"line":29,"column":23},"end":{"line":29,"column":24}},"loc":{"start":{"line":31,"column":22},"end":{"line":38,"column":3}},"line":31},"8":{"name":"(anonymous_8)","decl":{"start":{"line":39,"column":23},"end":{"line":39,"column":24}},"loc":{"start":{"line":39,"column":73},"end":{"line":42,"column":3}},"line":39},"9":{"name":"(anonymous_9)","decl":{"start":{"line":44,"column":12},"end":{"line":44,"column":13}},"loc":{"start":{"line":44,"column":18},"end":{"line":46,"column":3}},"line":44},"10":{"name":"(anonymous_10)","decl":{"start":{"line":48,"column":19},"end":{"line":48,"column":20}},"loc":{"start":{"line":48,"column":63},"end":{"line":58,"column":3}},"line":48},"11":{"name":"(anonymous_11)","decl":{"start":{"line":69,"column":22},"end":{"line":69,"column":23}},"loc":{"start":{"line":69,"column":29},"end":{"line":69,"column":44}},"line":69},"12":{"name":"(anonymous_12)","decl":{"start":{"line":82,"column":26},"end":{"line":82,"column":27}},"loc":{"start":{"line":82,"column":32},"end":{"line":82,"column":69}},"line":82},"13":{"name":"(anonymous_13)","decl":{"start":{"line":91,"column":26},"end":{"line":91,"column":27}},"loc":{"start":{"line":91,"column":32},"end":{"line":91,"column":70}},"line":91},"14":{"name":"(anonymous_14)","decl":{"start":{"line":100,"column":26},"end":{"line":100,"column":27}},"loc":{"start":{"line":100,"column":32},"end":{"line":100,"column":71}},"line":100}},"branchMap":{"0":{"loc":{"start":{"line":33,"column":4},"end":{"line":37,"column":5}},"type":"if","locations":[{"start":{"line":33,"column":4},"end":{"line":37,"column":5}},{"start":{"line":33,"column":4},"end":{"line":37,"column":5}}],"line":33},"1":{"loc":{"start":{"line":33,"column":8},"end":{"line":33,"column":45}},"type":"binary-expr","locations":[{"start":{"line":33,"column":8},"end":{"line":33,"column":23}},{"start":{"line":33,"column":27},"end":{"line":33,"column":45}}],"line":33},"2":{"loc":{"start":{"line":52,"column":4},"end":{"line":57,"column":5}},"type":"if","locations":[{"start":{"line":52,"column":4},"end":{"line":57,"column":5}},{"start":{"line":52,"column":4},"end":{"line":57,"column":5}}],"line":52},"3":{"loc":{"start":{"line":117,"column":13},"end":{"line":117,"column":48}},"type":"cond-expr","locations":[{"start":{"line":117,"column":25},"end":{"line":117,"column":37}},{"start":{"line":117,"column":40},"end":{"line":117,"column":48}}],"line":117},"4":{"loc":{"start":{"line":122,"column":7},"end":{"line":126,"column":14}},"type":"cond-expr","locations":[{"start":{"line":123,"column":8},"end":{"line":125,"column":14}},{"start":{"line":126,"column":10},"end":{"line":126,"column":14}}],"line":122}},"s":{"0":1,"1":1,"2":2,"3":8,"4":2,"5":8,"6":2,"7":8,"8":2,"9":8,"10":2,"11":2,"12":8,"13":2,"14":8,"15":2,"16":2,"17":0,"18":0,"19":0,"20":2,"21":0,"22":0,"23":2,"24":2,"25":2,"26":0,"27":0,"28":0,"29":0,"30":0,"31":0,"32":0,"33":2,"34":0,"35":0,"36":0,"37":0},"f":{"0":2,"1":8,"2":8,"3":8,"4":8,"5":8,"6":8,"7":0,"8":0,"9":2,"10":0,"11":0,"12":0,"13":0,"14":0},"b":{"0":[0,0],"1":[0,0],"2":[0,0],"3":[0,2],"4":[0,2]},"_coverageSchema":"1a1c01bbd47fc00a2c39e90264f33305004495a9","hash":"ca710dcbd706edddc310275749d1d6f7d4fa40a9"}
,"D:\\React Testing\\src\\pages\\NoMatch.tsx": {"path":"D:\\React Testing\\src\\pages\\NoMatch.tsx","statementMap":{"0":{"start":{"line":4,"column":2},"end":{"line":4,"column":25}}},"fnMap":{"0":{"name":"Posts","decl":{"start":{"line":3,"column":9},"end":{"line":3,"column":14}},"loc":{"start":{"line":3,"column":30},"end":{"line":5,"column":1}},"line":3}},"branchMap":{},"s":{"0":1},"f":{"0":1},"b":{},"_coverageSchema":"1a1c01bbd47fc00a2c39e90264f33305004495a9","hash":"6109d1b85287468975a19227afffa1ac048bf31d"}
,"D:\\React Testing\\src\\redux\\actions\\action_search.ts": {"path":"D:\\React Testing\\src\\redux\\actions\\action_search.ts","statementMap":{"0":{"start":{"line":7,"column":2},"end":{"line":7,"column":57}},"1":{"start":{"line":14,"column":2},"end":{"line":14,"column":47}},"2":{"start":{"line":21,"column":2},"end":{"line":21,"column":60}},"3":{"start":{"line":28,"column":2},"end":{"line":28,"column":45}},"4":{"start":{"line":35,"column":2},"end":{"line":35,"column":52}},"5":{"start":{"line":42,"column":2},"end":{"line":42,"column":45}},"6":{"start":{"line":49,"column":2},"end":{"line":49,"column":62}},"7":{"start":{"line":56,"column":2},"end":{"line":56,"column":45}}},"fnMap":{"0":{"name":"setPageSize","decl":{"start":{"line":3,"column":16},"end":{"line":3,"column":27}},"loc":{"start":{"line":6,"column":2},"end":{"line":8,"column":1}},"line":6},"1":{"name":"setSort","decl":{"start":{"line":10,"column":16},"end":{"line":10,"column":23}},"loc":{"start":{"line":13,"column":2},"end":{"line":15,"column":1}},"line":13},"2":{"name":"setSearchValue","decl":{"start":{"line":17,"column":16},"end":{"line":17,"column":30}},"loc":{"start":{"line":20,"column":2},"end":{"line":22,"column":1}},"line":20},"3":{"name":"setPage","decl":{"start":{"line":24,"column":16},"end":{"line":24,"column":23}},"loc":{"start":{"line":27,"column":2},"end":{"line":29,"column":1}},"line":27},"4":{"name":"setArtPage","decl":{"start":{"line":31,"column":16},"end":{"line":31,"column":26}},"loc":{"start":{"line":34,"column":2},"end":{"line":36,"column":1}},"line":34},"5":{"name":"setArts","decl":{"start":{"line":38,"column":16},"end":{"line":38,"column":23}},"loc":{"start":{"line":41,"column":2},"end":{"line":43,"column":1}},"line":41},"6":{"name":"setKolvoResults","decl":{"start":{"line":45,"column":16},"end":{"line":45,"column":31}},"loc":{"start":{"line":48,"column":2},"end":{"line":50,"column":1}},"line":48},"7":{"name":"setData","decl":{"start":{"line":52,"column":16},"end":{"line":52,"column":23}},"loc":{"start":{"line":55,"column":2},"end":{"line":57,"column":1}},"line":55}},"branchMap":{},"s":{"0":2,"1":0,"2":0,"3":0,"4":2,"5":0,"6":0,"7":0},"f":{"0":2,"1":0,"2":0,"3":0,"4":2,"5":0,"6":0,"7":0},"b":{},"_coverageSchema":"1a1c01bbd47fc00a2c39e90264f33305004495a9","hash":"bb59b94a1d58c1b67a468605007750734d958de6"}
,"D:\\React Testing\\src\\redux\\asyncActions\\asyncActions.ts": {"path":"D:\\React Testing\\src\\redux\\asyncActions\\asyncActions.ts","statementMap":{"0":{"start":{"line":16,"column":2},"end":{"line":29,"column":4}},"1":{"start":{"line":17,"column":4},"end":{"line":17,"column":23}},"2":{"start":{"line":18,"column":4},"end":{"line":28,"column":5}},"3":{"start":{"line":19,"column":54},"end":{"line":21,"column":7}},"4":{"start":{"line":22,"column":6},"end":{"line":22,"column":48}},"5":{"start":{"line":23,"column":6},"end":{"line":23,"column":60}},"6":{"start":{"line":25,"column":6},"end":{"line":25,"column":25}},"7":{"start":{"line":27,"column":6},"end":{"line":27,"column":26}},"8":{"start":{"line":33,"column":2},"end":{"line":42,"column":4}},"9":{"start":{"line":34,"column":4},"end":{"line":41,"column":5}},"10":{"start":{"line":35,"column":54},"end":{"line":37,"column":7}},"11":{"start":{"line":38,"column":6},"end":{"line":38,"column":48}},"12":{"start":{"line":40,"column":6},"end":{"line":40,"column":25}}},"fnMap":{"0":{"name":"asyncGetArticles","decl":{"start":{"line":9,"column":9},"end":{"line":9,"column":25}},"loc":{"start":{"line":15,"column":2},"end":{"line":30,"column":1}},"line":15},"1":{"name":"(anonymous_1)","decl":{"start":{"line":16,"column":9},"end":{"line":16,"column":10}},"loc":{"start":{"line":16,"column":68},"end":{"line":29,"column":3}},"line":16},"2":{"name":"asyncGetDetails","decl":{"start":{"line":32,"column":16},"end":{"line":32,"column":31}},"loc":{"start":{"line":32,"column":44},"end":{"line":43,"column":1}},"line":32},"3":{"name":"(anonymous_3)","decl":{"start":{"line":33,"column":9},"end":{"line":33,"column":10}},"loc":{"start":{"line":33,"column":68},"end":{"line":42,"column":3}},"line":33}},"branchMap":{},"s":{"0":0,"1":0,"2":0,"3":0,"4":0,"5":0,"6":0,"7":0,"8":0,"9":0,"10":0,"11":0,"12":0},"f":{"0":0,"1":0,"2":0,"3":0},"b":{},"_coverageSchema":"1a1c01bbd47fc00a2c39e90264f33305004495a9","hash":"d010552513632e37b88dd6e9e5a0ff0f03465baa"}
,"D:\\React Testing\\src\\redux\\reducers\\reducer_search.ts": {"path":"D:\\React Testing\\src\\redux\\reducers\\reducer_search.ts","statementMap":{"0":{"start":{"line":16,"column":2},"end":{"line":42,"column":3}},"1":{"start":{"line":18,"column":6},"end":{"line":18,"column":62}},"2":{"start":{"line":20,"column":6},"end":{"line":20,"column":60}},"3":{"start":{"line":23,"column":6},"end":{"line":23,"column":65}},"4":{"start":{"line":26,"column":6},"end":{"line":26,"column":58}},"5":{"start":{"line":29,"column":6},"end":{"line":29,"column":61}},"6":{"start":{"line":32,"column":6},"end":{"line":32,"column":66}},"7":{"start":{"line":35,"column":6},"end":{"line":35,"column":66}},"8":{"start":{"line":38,"column":6},"end":{"line":38,"column":66}},"9":{"start":{"line":41,"column":6},"end":{"line":41,"column":19}}},"fnMap":{"0":{"name":"setSearchReducer","decl":{"start":{"line":3,"column":24},"end":{"line":3,"column":40}},"loc":{"start":{"line":15,"column":19},"end":{"line":43,"column":1}},"line":15}},"branchMap":{"0":{"loc":{"start":{"line":4,"column":2},"end":{"line":13,"column":3}},"type":"default-arg","locations":[{"start":{"line":4,"column":10},"end":{"line":13,"column":3}}],"line":4},"1":{"loc":{"start":{"line":16,"column":2},"end":{"line":42,"column":3}},"type":"switch","locations":[{"start":{"line":17,"column":4},"end":{"line":18,"column":62}},{"start":{"line":19,"column":4},"end":{"line":21,"column":5}},{"start":{"line":22,"column":4},"end":{"line":24,"column":5}},{"start":{"line":25,"column":4},"end":{"line":27,"column":5}},{"start":{"line":28,"column":4},"end":{"line":30,"column":5}},{"start":{"line":31,"column":4},"end":{"line":33,"column":5}},{"start":{"line":34,"column":4},"end":{"line":36,"column":5}},{"start":{"line":37,"column":4},"end":{"line":39,"column":5}},{"start":{"line":40,"column":4},"end":{"line":41,"column":19}}],"line":16}},"s":{"0":6,"1":2,"2":0,"3":0,"4":0,"5":2,"6":0,"7":0,"8":0,"9":2},"f":{"0":6},"b":{"0":[2],"1":[2,0,0,0,2,0,0,0,2]},"_coverageSchema":"1a1c01bbd47fc00a2c39e90264f33305004495a9","hash":"8f772f38d04fd6a83b6a57d6115e6e49c7758bc2"}
,"D:\\React Testing\\src\\services\\api.ts": {"path":"D:\\React Testing\\src\\services\\api.ts","statementMap":{"0":{"start":{"line":3,"column":22},"end":{"line":6,"column":2}}},"fnMap":{},"branchMap":{},"s":{"0":1},"f":{},"b":{},"_coverageSchema":"1a1c01bbd47fc00a2c39e90264f33305004495a9","hash":"b163adc9fb8fa17e33dd0940f16d2a0da31cb197"}
}
