TN:
SF:mocks\styleMock.js
FNF:0
FNH:0
DA:1,1
LF:1
LH:1
BRF:0
BRH:0
end_of_record
TN:
SF:src\App.tsx
FN:30,(anonymous_0)
FN:38,(anonymous_1)
FNF:2
FNH:2
FNDA:4,(anonymous_0)
FNDA:16,(anonymous_1)
DA:12,1
DA:30,1
DA:31,4
DA:39,16
LF:4
LH:4
BRF:0
BRH:0
end_of_record
TN:
SF:src\types.ts
FNF:0
FNH:0
LF:0
LH:0
BRF:0
BRH:0
end_of_record
TN:
SF:src\components\Articles.tsx
FN:12,(anonymous_0)
FN:14,(anonymous_1)
FN:15,(anonymous_2)
FN:18,(anonymous_3)
FN:22,(anonymous_4)
FN:47,(anonymous_5)
FNF:6
FNH:4
FNDA:2,(anonymous_0)
FNDA:8,(anonymous_1)
FNDA:8,(anonymous_2)
FNDA:2,(anonymous_3)
FNDA:0,(anonymous_4)
FNDA:0,(anonymous_5)
DA:12,1
DA:13,2
DA:14,8
DA:15,8
DA:16,2
DA:18,2
DA:19,2
DA:22,2
DA:23,0
DA:24,0
DA:25,0
DA:26,0
DA:27,0
DA:28,0
DA:29,0
DA:31,0
DA:35,2
DA:48,0
LF:18
LH:9
BRDA:26,0,0,0
BRDA:26,0,1,0
BRDA:37,1,0,0
BRDA:37,1,1,2
BRF:4
BRH:1
end_of_record
TN:
SF:src\components\Details.tsx
FN:8,(anonymous_0)
FN:11,(anonymous_1)
FN:12,(anonymous_2)
FNF:3
FNH:0
FNDA:0,(anonymous_0)
FNDA:0,(anonymous_1)
FNDA:0,(anonymous_2)
DA:8,1
DA:9,0
DA:10,0
DA:11,0
DA:12,0
DA:13,0
DA:15,0
LF:7
LH:1
BRDA:17,0,0,0
BRDA:17,0,1,0
BRF:2
BRH:0
end_of_record
TN:
SF:src\components\Header.tsx
FN:5,(anonymous_0)
FNF:1
FNH:1
FNDA:4,(anonymous_0)
DA:5,1
DA:6,4
LF:2
LH:2
BRF:0
BRH:0
end_of_record
TN:
SF:src\pages\About.tsx
FN:4,(anonymous_0)
FNF:1
FNH:1
FNDA:1,(anonymous_0)
DA:4,1
DA:5,1
LF:2
LH:2
BRF:0
BRH:0
end_of_record
TN:
SF:src\pages\Dashboard.tsx
FN:15,(anonymous_0)
FN:16,(anonymous_1)
FN:17,(anonymous_2)
FN:18,(anonymous_3)
FN:20,(anonymous_4)
FN:24,(anonymous_5)
FN:26,(anonymous_6)
FN:29,(anonymous_7)
FN:39,(anonymous_8)
FN:44,(anonymous_9)
FN:48,(anonymous_10)
FN:69,(anonymous_11)
FN:82,(anonymous_12)
FN:91,(anonymous_13)
FN:100,(anonymous_14)
FNF:15
FNH:8
FNDA:2,(anonymous_0)
FNDA:8,(anonymous_1)
FNDA:8,(anonymous_2)
FNDA:8,(anonymous_3)
FNDA:8,(anonymous_4)
FNDA:8,(anonymous_5)
FNDA:8,(anonymous_6)
FNDA:0,(anonymous_7)
FNDA:0,(anonymous_8)
FNDA:2,(anonymous_9)
FNDA:0,(anonymous_10)
FNDA:0,(anonymous_11)
FNDA:0,(anonymous_12)
FNDA:0,(anonymous_13)
FNDA:0,(anonymous_14)
DA:13,1
DA:15,1
DA:16,8
DA:17,8
DA:18,8
DA:19,2
DA:20,8
DA:22,2
DA:23,2
DA:24,8
DA:26,8
DA:27,2
DA:29,2
DA:32,0
DA:33,0
DA:34,0
DA:39,2
DA:40,0
DA:41,0
DA:44,2
DA:45,2
DA:48,2
DA:49,0
DA:50,0
DA:51,0
DA:52,0
DA:53,0
DA:54,0
DA:56,0
DA:60,2
DA:69,0
DA:82,0
DA:91,0
DA:100,0
LF:34
LH:18
BRDA:33,0,0,0
BRDA:33,0,1,0
BRDA:33,1,0,0
BRDA:33,1,1,0
BRDA:52,2,0,0
BRDA:52,2,1,0
BRDA:117,3,0,0
BRDA:117,3,1,2
BRDA:122,4,0,0
BRDA:122,4,1,2
BRF:10
BRH:2
end_of_record
TN:
SF:src\pages\NoMatch.tsx
FN:3,Posts
FNF:1
FNH:1
FNDA:1,Posts
DA:4,1
LF:1
LH:1
BRF:0
BRH:0
end_of_record
TN:
SF:src\redux\actions\action_search.ts
FN:3,setPageSize
FN:10,setSort
FN:17,setSearchValue
FN:24,setPage
FN:31,setArtPage
FN:38,setArts
FN:45,setKolvoResults
FN:52,setData
FNF:8
FNH:2
FNDA:2,setPageSize
FNDA:0,setSort
FNDA:0,setSearchValue
FNDA:0,setPage
FNDA:2,setArtPage
FNDA:0,setArts
FNDA:0,setKolvoResults
FNDA:0,setData
DA:7,2
DA:14,0
DA:21,0
DA:28,0
DA:35,2
DA:42,0
DA:49,0
DA:56,0
LF:8
LH:2
BRF:0
BRH:0
end_of_record
TN:
SF:src\redux\asyncActions\asyncActions.ts
FN:9,asyncGetArticles
FN:16,(anonymous_1)
FN:32,asyncGetDetails
FN:33,(anonymous_3)
FNF:4
FNH:0
FNDA:0,asyncGetArticles
FNDA:0,(anonymous_1)
FNDA:0,asyncGetDetails
FNDA:0,(anonymous_3)
DA:16,0
DA:17,0
DA:18,0
DA:19,0
DA:22,0
DA:23,0
DA:25,0
DA:27,0
DA:33,0
DA:34,0
DA:35,0
DA:38,0
DA:40,0
LF:13
LH:0
BRF:0
BRH:0
end_of_record
TN:
SF:src\redux\reducers\reducer_search.ts
FN:3,setSearchReducer
FNF:1
FNH:1
FNDA:6,setSearchReducer
DA:16,6
DA:18,2
DA:20,0
DA:23,0
DA:26,0
DA:29,2
DA:32,0
DA:35,0
DA:38,0
DA:41,2
LF:10
LH:4
BRDA:4,0,0,2
BRDA:16,1,0,2
BRDA:16,1,1,0
BRDA:16,1,2,0
BRDA:16,1,3,0
BRDA:16,1,4,2
BRDA:16,1,5,0
BRDA:16,1,6,0
BRDA:16,1,7,0
BRDA:16,1,8,2
BRF:10
BRH:4
end_of_record
TN:
SF:src\services\api.ts
FNF:0
FNH:0
DA:3,1
LF:1
LH:1
BRF:0
BRH:0
end_of_record
